<?xml version="1.0" encoding="UTF-8"?>
<testng-results ignored="0" total="1" passed="1" failed="0" skipped="0">
  <reporter-output>
  </reporter-output>
  <suite started-at="2023-10-23T16:33:36 EET" name="Default suite" finished-at="2023-10-23T16:33:38 EET" duration-ms="2251">
    <groups>
    </groups>
    <test started-at="2023-10-23T16:33:36 EET" name="Default test" finished-at="2023-10-23T16:33:38 EET" duration-ms="2251">
      <class name="project2.myClasss">
        <test-method is-config="true" signature="mySetup()[pri:0, instance:project2.myClasss@305f7627]" started-at="2023-10-23T16:33:36 EET" name="mySetup" finished-at="2023-10-23T16:33:38 EET" duration-ms="2212" status="PASS">
          <reporter-output>
          </reporter-output>
        </test-method> <!-- mySetup -->
        <test-method signature="myTest()[pri:0, instance:project2.myClasss@305f7627]" started-at="2023-10-23T16:33:38 EET" name="myTest" finished-at="2023-10-23T16:33:38 EET" duration-ms="9" status="PASS">
          <reporter-output>
          </reporter-output>
        </test-method> <!-- myTest -->
        <test-method is-config="true" signature="myAfter()[pri:0, instance:project2.myClasss@305f7627]" started-at="2023-10-23T16:33:38 EET" name="myAfter" finished-at="2023-10-23T16:33:38 EET" duration-ms="0" status="PASS">
          <reporter-output>
          </reporter-output>
        </test-method> <!-- myAfter -->
      </class> <!-- project2.myClasss -->
    </test> <!-- Default test -->
  </suite> <!-- Default suite -->
</testng-results>
